<?xml version="1.0" encoding="UTF-8"?>
<!-- Generated by org.testng.reporters.JUnitXMLReporter -->
<testsuite ignored="0" hostname="LAPTOP-BH41G14T" failures="0" tests="4" name="Test" time="0.041" errors="0" timestamp="18 Oct 2021 12:20:59 GMT">
  <testcase classname="com.crm.contacttest.ContactTest" name="createContactTest" time="0.008"/>
  <testcase classname="com.crm.contacttest.ContactTest" name="editContactTest" time="0.001"/>
  <testcase classname="com.crm.orgtest.OrgTest" name="createOrgTest" time="0.001"/>
  <testcase classname="com.crm.orgtest.OrgTest" name="editOrgTest" time="0.001"/>
</testsuite> <!-- Test -->
