<?xml version="1.0" encoding="UTF-8"?>
<testng-results ignored="0" total="4" passed="4" failed="0" skipped="0">
  <reporter-output>
  </reporter-output>
  <suite started-at="2021-10-18T12:20:59Z" name="Suite" finished-at="2021-10-18T12:20:59Z" duration-ms="41">
    <groups>
    </groups>
    <test started-at="2021-10-18T12:20:59Z" name="Test" finished-at="2021-10-18T12:20:59Z" duration-ms="41">
      <class name="com.crm.contacttest.ContactTest">
        <test-method signature="createContactTest()[pri:0, instance:com.crm.contacttest.ContactTest@35399441]" started-at="2021-10-18T12:20:59Z" name="createContactTest" finished-at="2021-10-18T12:20:59Z" duration-ms="8" status="PASS">
          <reporter-output>
          </reporter-output>
        </test-method> <!-- createContactTest -->
        <test-method signature="editContactTest()[pri:0, instance:com.crm.contacttest.ContactTest@35399441]" started-at="2021-10-18T12:20:59Z" name="editContactTest" finished-at="2021-10-18T12:20:59Z" duration-ms="1" status="PASS">
          <reporter-output>
          </reporter-output>
        </test-method> <!-- editContactTest -->
      </class> <!-- com.crm.contacttest.ContactTest -->
      <class name="com.crm.orgtest.OrgTest">
        <test-method signature="createOrgTest()[pri:0, instance:com.crm.orgtest.OrgTest@4b7dc788]" started-at="2021-10-18T12:20:59Z" name="createOrgTest" finished-at="2021-10-18T12:20:59Z" duration-ms="1" status="PASS">
          <reporter-output>
          </reporter-output>
        </test-method> <!-- createOrgTest -->
        <test-method signature="editOrgTest()[pri:0, instance:com.crm.orgtest.OrgTest@4b7dc788]" started-at="2021-10-18T12:20:59Z" name="editOrgTest" finished-at="2021-10-18T12:20:59Z" duration-ms="1" status="PASS">
          <reporter-output>
          </reporter-output>
        </test-method> <!-- editOrgTest -->
      </class> <!-- com.crm.orgtest.OrgTest -->
    </test> <!-- Test -->
  </suite> <!-- Suite -->
</testng-results>
